2023-08-20 13:00:45,367  INFO [main] TestNGSuitSouceDemoProject:47 - Browser Open
2023-08-20 13:00:47,889  INFO [main] TestNGSuitSouceDemoProject:52 - Site Open
2023-08-20 13:00:49,101  INFO [main] TestNGSuitSouceDemoProject:60 - Successfull Login
2023-08-20 13:00:49,960  INFO [main] TestNGSuitSouceDemoProject:67 - Browser Closed
2023-08-20 13:00:52,342  INFO [main] TestNGSuitSouceDemoProject:47 - Browser Open
2023-08-20 13:00:54,236  INFO [main] TestNGSuitSouceDemoProject:52 - Site Open
2023-08-20 13:00:55,108  INFO [main] TestNGSuitSouceDemoProject:60 - Successfull Login
2023-08-20 13:00:55,736  INFO [main] TestNGSuitSouceDemoProject:67 - Browser Closed
2023-08-20 13:00:57,449  INFO [main] TestNGSuitSouceDemoProject:47 - Browser Open
2023-08-20 13:00:59,197  INFO [main] TestNGSuitSouceDemoProject:52 - Site Open
2023-08-20 13:01:00,171  INFO [main] TestNGSuitSouceDemoProject:60 - Successfull Login
2023-08-20 13:01:00,884  INFO [main] TestNGSuitSouceDemoProject:67 - Browser Closed
2023-08-20 13:01:02,741  INFO [main] TestNGSuitSouceDemoProject:47 - Browser Open
2023-08-20 13:01:04,808  INFO [main] TestNGSuitSouceDemoProject:52 - Site Open
2023-08-20 13:01:05,717  INFO [main] TestNGSuitSouceDemoProject:60 - Successfull Login
2023-08-20 13:01:06,427  INFO [main] TestNGSuitSouceDemoProject:67 - Browser Closed
2023-08-20 13:01:08,011  INFO [main] TestNGSuitSouceDemoProject:47 - Browser Open
2023-08-20 13:01:10,252  INFO [main] TestNGSuitSouceDemoProject:52 - Site Open
2023-08-20 13:01:11,159  INFO [main] TestNGSuitSouceDemoProject:60 - Successfull Login
2023-08-20 13:01:11,760  INFO [main] TestNGSuitSouceDemoProject:67 - Browser Closed
2023-08-20 13:01:13,606  INFO [main] TestNGSuitSouceDemoProject:47 - Browser Open
2023-08-20 13:01:15,732  INFO [main] TestNGSuitSouceDemoProject:52 - Site Open
2023-08-20 13:01:16,649  INFO [main] TestNGSuitSouceDemoProject:60 - Successfull Login
2023-08-20 13:01:17,311  INFO [main] TestNGSuitSouceDemoProject:67 - Browser Closed
2023-08-20 13:01:19,114  INFO [main] TestNGSuitSouceDemoProject:47 - Browser Open
2023-08-20 13:01:20,732  INFO [main] TestNGSuitSouceDemoProject:52 - Site Open
2023-08-20 13:01:21,599  INFO [main] TestNGSuitSouceDemoProject:60 - Successfull Login
2023-08-20 13:01:22,213  INFO [main] TestNGSuitSouceDemoProject:67 - Browser Closed
2023-08-20 13:01:26,962  INFO [main] TestNGSuitSouceDemoProject:47 - Browser Open
2023-08-20 13:01:29,219  INFO [main] TestNGSuitSouceDemoProject:52 - Site Open
2023-08-20 13:01:30,116  INFO [main] TestNGSuitSouceDemoProject:60 - Successfull Login
2023-08-20 13:01:30,694  INFO [main] TestNGSuitSouceDemoProject:67 - Browser Closed
2023-08-20 13:12:44,434  INFO [main] TestNGSouceDomeProject2:48 - Browser Open
2023-08-20 13:12:46,844  INFO [main] TestNGSouceDomeProject2:53 - Site Open
2023-08-20 13:12:47,937  INFO [main] TestNGSouceDomeProject2:61 - Successfull Login
2023-08-20 13:12:48,588  INFO [main] TestNGSouceDomeProject2:17 - Apply Validation
2023-08-20 13:12:49,428  INFO [main] TestNGSouceDomeProject2:69 - Browser Closed
2023-08-20 13:13:51,247  INFO [main] TestNGSouceDomeProject2:48 - Browser Open
2023-08-20 13:13:54,365  INFO [main] TestNGSouceDomeProject2:53 - Site Open
2023-08-20 13:13:55,348  INFO [main] TestNGSouceDomeProject2:61 - Successfull Login
2023-08-20 13:13:56,238  INFO [main] TestNGSouceDomeProject2:69 - Browser Closed
2023-08-20 13:14:56,120  INFO [main] TestNGSouceDomeProject2:48 - Browser Open
2023-08-20 13:14:57,527  INFO [main] TestNGSouceDomeProject2:53 - Site Open
2023-08-20 13:14:58,528  INFO [main] TestNGSouceDomeProject2:61 - Successfull Login
2023-08-20 13:14:59,383  INFO [main] TestNGSouceDomeProject2:69 - Browser Closed
2023-08-20 13:15:33,640  INFO [main] TestNGSouceDomeProject2:48 - Browser Open
2023-08-20 13:15:35,748  INFO [main] TestNGSouceDomeProject2:53 - Site Open
2023-08-20 13:15:36,745  INFO [main] TestNGSouceDomeProject2:61 - Successfull Login
2023-08-20 13:15:37,447  INFO [main] TestNGSouceDomeProject2:16 - Apply Validation
2023-08-20 13:15:38,067  INFO [main] TestNGSouceDomeProject2:69 - Browser Closed
2023-08-20 13:17:00,793  INFO [main] TestNGSouceDomeProject2:48 - Browser Open
2023-08-20 13:17:04,382  INFO [main] TestNGSouceDomeProject2:53 - Site Open
2023-08-20 13:17:05,345  INFO [main] TestNGSouceDomeProject2:61 - Successfull Login
2023-08-20 13:17:06,163  INFO [main] TestNGSouceDomeProject2:69 - Browser Closed
2023-08-20 13:17:51,517  INFO [main] TestNGSouceDomeProject2:48 - Browser Open
2023-08-20 13:17:54,181  INFO [main] TestNGSouceDomeProject2:53 - Site Open
2023-08-20 13:17:55,176  INFO [main] TestNGSouceDomeProject2:61 - Successfull Login
2023-08-20 13:17:55,964  INFO [main] TestNGSouceDomeProject2:69 - Browser Closed
2023-08-20 13:18:47,455  INFO [main] TestNGSouceDomeProject2:48 - Browser Open
2023-08-20 13:18:49,015  INFO [main] TestNGSouceDomeProject2:53 - Site Open
2023-08-20 13:18:49,947  INFO [main] TestNGSouceDomeProject2:61 - Successfull Login
2023-08-20 13:18:50,661  INFO [main] TestNGSouceDomeProject2:69 - Browser Closed
2023-08-20 13:20:03,948  INFO [main] TestNGSouceDomeProject2:48 - Browser Open
2023-08-20 13:20:05,987  INFO [main] TestNGSouceDomeProject2:53 - Site Open
2023-08-20 13:20:06,896  INFO [main] TestNGSouceDomeProject2:61 - Successfull Login
2023-08-20 13:20:07,982  INFO [main] TestNGSouceDomeProject2:69 - Browser Closed
2023-08-20 13:33:56,622  INFO [main] TestNGSouceDomeProject2:48 - Browser Open
2023-08-20 13:33:59,266  INFO [main] TestNGSouceDomeProject2:53 - Site Open
2023-08-20 13:34:00,242  INFO [main] TestNGSouceDomeProject2:61 - Successfull Login
2023-08-20 13:34:01,744  INFO [main] TestNGSouceDomeProject2:69 - Browser Closed
2023-08-20 13:34:14,315  INFO [main] TestNGSouceDomeProject2:48 - Browser Open
2023-08-20 13:34:15,753  INFO [main] TestNGSouceDomeProject2:53 - Site Open
2023-08-20 13:34:16,666  INFO [main] TestNGSouceDomeProject2:61 - Successfull Login
2023-08-20 13:34:18,009  INFO [main] TestNGSouceDomeProject2:69 - Browser Closed
2023-08-20 13:36:27,943  INFO [main] TestNGSouceDomeProject2:48 - Browser Open
2023-08-20 13:36:29,581  INFO [main] TestNGSouceDomeProject2:53 - Site Open
2023-08-20 13:36:30,627  INFO [main] TestNGSouceDomeProject2:61 - Successfull Login
2023-08-20 13:36:31,294  INFO [main] TestNGSouceDomeProject2:16 - Apply Validation
2023-08-20 13:36:32,016  INFO [main] TestNGSouceDomeProject2:69 - Browser Closed
2023-08-20 13:36:47,126  INFO [main] TestNGSouceDomeProject2:48 - Browser Open
2023-08-20 13:36:48,630  INFO [main] TestNGSouceDomeProject2:53 - Site Open
2023-08-20 13:36:49,733  INFO [main] TestNGSouceDomeProject2:61 - Successfull Login
2023-08-20 13:36:50,538  INFO [main] TestNGSouceDomeProject2:69 - Browser Closed
2023-08-20 13:37:48,125  INFO [main] TestNGSouceDomeProject2:48 - Browser Open
2023-08-20 13:37:50,299  INFO [main] TestNGSouceDomeProject2:53 - Site Open
2023-08-20 13:37:51,156  INFO [main] TestNGSouceDomeProject2:61 - Successfull Login
2023-08-20 13:37:51,833  INFO [main] TestNGSouceDomeProject2:69 - Browser Closed
2023-08-20 13:44:34,852  INFO [main] TestNGSouceDomeProject2:40 - Browser Open
2023-08-20 13:44:38,693  INFO [main] TestNGSouceDomeProject2:45 - Site Open
2023-08-20 13:44:39,825  INFO [main] TestNGSouceDomeProject2:53 - Successfull Login
2023-08-20 13:44:40,429  INFO [main] TestNGSouceDomeProject2:16 - Apply Validation
2023-08-20 13:44:41,225  INFO [main] TestNGSouceDomeProject2:61 - Browser Closed
2023-08-20 13:45:57,801  INFO [main] TestNGSouceDomeProject2:40 - Browser Open
2023-08-20 13:46:00,588  INFO [main] TestNGSouceDomeProject2:45 - Site Open
2023-08-20 13:46:01,518  INFO [main] TestNGSouceDomeProject2:53 - Successfull Login
2023-08-20 13:46:02,450  INFO [main] TestNGSouceDomeProject2:61 - Browser Closed
